eeschema (2013-may-18)-stable  >> Creation date: Вт 28 апр 2015 18:24:51
#Cmp ( order = Reference )
| C1         C           
| C2         C           
| C3         C           
| C4         C           
| D1         DIODESCH    
| IC1        L293D       
| IC2        L293D       
| L1         INDUCTOR    
| L2         INDUCTOR    
| P1         CONN_13X2   
| P2         CONN_2      
| P3         CONN_2      
| P4         CONN_2      
| P5         CONN_2      
| P6         CONN_2      
| P7         CONN_2      
| R1         R           
| R2         R           
| U1         MC34063     
| U2         74HC595     
#End Cmp

#Cmp ( порядок = Значение )
| C            C1        
| C            C2        
| C            C3        
| C            C4        
| DIODESCH     D1        
| L293D        IC1       
| L293D        IC2       
| INDUCTOR     L1        
| INDUCTOR     L2        
| CONN_13X2    P1        
| CONN_2       P2        
| CONN_2       P3        
| CONN_2       P4        
| CONN_2       P5        
| CONN_2       P6        
| CONN_2       P7        
| R            R1        
| R            R2        
| MC34063      U1        
| 74HC595      U2        
#End Cmp

#End List
